HLBPay/build/outputs/logs/manifest-merger-debug-report.txt
-- Merging decision tree log ---
manifest
ADDED from HLB_Studio\HLBPay\AndroidManifest.xml:2:1-764:12
	package
		ADDED from HLB_Studio\HLBPay\AndroidManifest.xml:3:5-29
	android:versionName
		ADDED from HLB_Studio\HLBPay\AndroidManifest.xml:5:5-32
		INJECTED from HLB_Studio\HLBPay\AndroidManifest.xml
		INJECTED from HLB_Studio\HLBPay\AndroidManifest.xml
	android:versionCode
		ADDED from HLB_Studio\HLBPay\AndroidManifest.xml:4:5-29
		INJECTED from HLB_Studio\HLBPay\AndroidManifest.xml
		INJECTED from HLB_Studio\HLBPay\AndroidManifest.xml
	xmlns:android
		ADDED from HLB_Studio\HLBPay\AndroidManifest.xml:2:11-69
uses-sdk
ADDED from HLB_Studio\HLBPay\AndroidManifest.xml:7:5-9:41
MERGED from [HLB_Studio:library:unspecified] AndroidManifest.xml:7:5-43
	android:targetSdkVersion
		ADDED from HLB_Studio\HLBPay\AndroidManifest.xml:9:9-38
	android:minSdkVersion
		ADDED from HLB_Studio\HLBPay\AndroidManifest.xml:8:9-35
uses-feature#android.hardware.nfc
ADDED from HLB_Studio\HLBPay\AndroidManifest.xml:11:5-13:35
	android:required
		ADDED from HLB_Studio\HLBPay\AndroidManifest.xml:13:9-32
	android:name
		ADDED from HLB_Studio\HLBPay\AndroidManifest.xml:12:9-44
application
ADDED from HLB_Studio\HLBPay\AndroidManifest.xml:15:5-712:19
MERGED from [HLB_Studio:library:unspecified] AndroidManifest.xml:9:5-20
	android:label
		ADDED from HLB_Studio\HLBPay\AndroidManifest.xml:19:9-41
	android:allowBackup
		ADDED from HLB_Studio\HLBPay\AndroidManifest.xml:17:9-35
	android:icon
		ADDED from HLB_Studio\HLBPay\AndroidManifest.xml:18:9-42
	android:theme
		ADDED from HLB_Studio\HLBPay\AndroidManifest.xml:20:9-40
	android:name
		ADDED from HLB_Studio\HLBPay\AndroidManifest.xml:16:9-57
meta-data#UMENG_APPKEY
ADDED from HLB_Studio\HLBPay\AndroidManifest.xml:21:9-23:56
	android:value
		ADDED from HLB_Studio\HLBPay\AndroidManifest.xml:23:13-53
	android:name
		ADDED from HLB_Studio\HLBPay\AndroidManifest.xml:22:13-40
service#com.umeng.update.net.DownloadingService
ADDED from HLB_Studio\HLBPay\AndroidManifest.xml:25:9-28:19
	android:process
		ADDED from HLB_Studio\HLBPay\AndroidManifest.xml:27:13-50
	android:name
		ADDED from HLB_Studio\HLBPay\AndroidManifest.xml:26:13-67
activity#com.umeng.update.UpdateDialogActivity
ADDED from HLB_Studio\HLBPay\AndroidManifest.xml:30:9-33:20
	android:theme
		ADDED from HLB_Studio\HLBPay\AndroidManifest.xml:32:13-72
	android:name
		ADDED from HLB_Studio\HLBPay\AndroidManifest.xml:31:13-65
activity#com.wepayplugin.nfc.ui.PayStartActivity
ADDED from HLB_Studio\HLBPay\AndroidManifest.xml:55:9-59:64
	android:screenOrientation
		ADDED from HLB_Studio\HLBPay\AndroidManifest.xml:58:13-49
	android:configChanges
		ADDED from HLB_Studio\HLBPay\AndroidManifest.xml:57:13-74
	android:theme
		ADDED from HLB_Studio\HLBPay\AndroidManifest.xml:59:13-61
	android:name
		ADDED from HLB_Studio\HLBPay\AndroidManifest.xml:56:13-67
activity#com.wepayplugin.nfc.ui.SwiperCardActivity
ADDED from HLB_Studio\HLBPay\AndroidManifest.xml:60:9-63:52
	android:screenOrientation
		ADDED from HLB_Studio\HLBPay\AndroidManifest.xml:63:13-49
	android:configChanges
		ADDED from HLB_Studio\HLBPay\AndroidManifest.xml:62:13-74
	android:name
		ADDED from HLB_Studio\HLBPay\AndroidManifest.xml:61:13-69
activity#com.wepayplugin.nfc.ui.PayResultActivity
ADDED from HLB_Studio\HLBPay\AndroidManifest.xml:64:9-67:52
	android:screenOrientation
		ADDED from HLB_Studio\HLBPay\AndroidManifest.xml:67:13-49
	android:configChanges
		ADDED from HLB_Studio\HLBPay\AndroidManifest.xml:66:13-74
	android:name
		ADDED from HLB_Studio\HLBPay\AndroidManifest.xml:65:13-68
activity#com.lk.qf.pay.jhl.DeviceListActivity
ADDED from HLB_Studio\HLBPay\AndroidManifest.xml:68:9-71:59
	android:configChanges
		ADDED from HLB_Studio\HLBPay\AndroidManifest.xml:70:13-63
	android:theme
		ADDED from HLB_Studio\HLBPay\AndroidManifest.xml:71:13-56
	android:name
		ADDED from HLB_Studio\HLBPay\AndroidManifest.xml:69:13-64
activity#com.lk.qf.pay.activity.SplashActivity
ADDED from HLB_Studio\HLBPay\AndroidManifest.xml:72:9-82:20
	android:screenOrientation
		ADDED from HLB_Studio\HLBPay\AndroidManifest.xml:75:13-49
	android:label
		ADDED from HLB_Studio\HLBPay\AndroidManifest.xml:74:13-45
	android:theme
		ADDED from HLB_Studio\HLBPay\AndroidManifest.xml:76:13-50
	android:name
		ADDED from HLB_Studio\HLBPay\AndroidManifest.xml:73:13-65
intent-filter#android.intent.action.MAIN+android.intent.category.LAUNCHER
ADDED from HLB_Studio\HLBPay\AndroidManifest.xml:77:13-81:29
action#android.intent.action.MAIN
ADDED from HLB_Studio\HLBPay\AndroidManifest.xml:78:17-69
	android:name
		ADDED from HLB_Studio\HLBPay\AndroidManifest.xml:78:25-66
category#android.intent.category.LAUNCHER
ADDED from HLB_Studio\HLBPay\AndroidManifest.xml:80:17-77
	android:name
		ADDED from HLB_Studio\HLBPay\AndroidManifest.xml:80:27-74
activity#com.lk.qf.pay.aanewactivity.FirstActivity
ADDED from HLB_Studio\HLBPay\AndroidManifest.xml:83:9-88:20
	android:screenOrientation
		ADDED from HLB_Studio\HLBPay\AndroidManifest.xml:86:13-49
	android:label
		ADDED from HLB_Studio\HLBPay\AndroidManifest.xml:85:13-45
	android:theme
		ADDED from HLB_Studio\HLBPay\AndroidManifest.xml:87:13-50
	android:name
		ADDED from HLB_Studio\HLBPay\AndroidManifest.xml:84:13-69
activity#com.lk.qf.pay.activity.LoginActivity
ADDED from HLB_Studio\HLBPay\AndroidManifest.xml:89:9-92:52
	android:screenOrientation
		ADDED from HLB_Studio\HLBPay\AndroidManifest.xml:92:13-49
	android:launchMode
		ADDED from HLB_Studio\HLBPay\AndroidManifest.xml:91:13-44
	android:name
		ADDED from HLB_Studio\HLBPay\AndroidManifest.xml:90:13-64
activity#com.lk.qf.pay.activity.MenuActivity
ADDED from HLB_Studio\HLBPay\AndroidManifest.xml:93:9-95:52
	android:screenOrientation
		ADDED from HLB_Studio\HLBPay\AndroidManifest.xml:95:13-49
	android:name
		ADDED from HLB_Studio\HLBPay\AndroidManifest.xml:94:13-63
activity#com.lk.qf.pay.activity.MemberCenterActivity
ADDED from HLB_Studio\HLBPay\AndroidManifest.xml:96:9-98:52
	android:screenOrientation
		ADDED from HLB_Studio\HLBPay\AndroidManifest.xml:98:13-49
	android:name
		ADDED from HLB_Studio\HLBPay\AndroidManifest.xml:97:13-71
activity#com.lk.qf.pay.activity.MoreActivity
ADDED from HLB_Studio\HLBPay\AndroidManifest.xml:99:9-109:20
	android:screenOrientation
		ADDED from HLB_Studio\HLBPay\AndroidManifest.xml:101:13-49
	android:name
		ADDED from HLB_Studio\HLBPay\AndroidManifest.xml:100:13-63
intent-filter#android.intent.action.SEND+android.intent.category.DEFAULT
ADDED from HLB_Studio\HLBPay\AndroidManifest.xml:102:13-108:29
action#android.intent.action.SEND
ADDED from HLB_Studio\HLBPay\AndroidManifest.xml:103:17-69
	android:name
		ADDED from HLB_Studio\HLBPay\AndroidManifest.xml:103:25-66
category#android.intent.category.DEFAULT
ADDED from HLB_Studio\HLBPay\AndroidManifest.xml:105:17-76
	android:name
		ADDED from HLB_Studio\HLBPay\AndroidManifest.xml:105:27-73
data
ADDED from HLB_Studio\HLBPay\AndroidManifest.xml:107:17-52
	android:mimeType
		ADDED from HLB_Studio\HLBPay\AndroidManifest.xml:107:23-49
activity#com.lk.qf.pay.nfc.NfcCashinRateActivity
ADDED from HLB_Studio\HLBPay\AndroidManifest.xml:110:9-112:52
	android:screenOrientation
		ADDED from HLB_Studio\HLBPay\AndroidManifest.xml:112:13-49
	android:name
		ADDED from HLB_Studio\HLBPay\AndroidManifest.xml:111:13-67
activity#com.lk.qf.pay.nfc.NfcPayActivity
ADDED from HLB_Studio\HLBPay\AndroidManifest.xml:113:9-115:52
	android:screenOrientation
		ADDED from HLB_Studio\HLBPay\AndroidManifest.xml:115:13-49
	android:name
		ADDED from HLB_Studio\HLBPay\AndroidManifest.xml:114:13-60
activity#com.lk.qf.pay.jhl.CheckActivity
ADDED from HLB_Studio\HLBPay\AndroidManifest.xml:116:9-118:52
	android:screenOrientation
		ADDED from HLB_Studio\HLBPay\AndroidManifest.xml:118:13-49
	android:name
		ADDED from HLB_Studio\HLBPay\AndroidManifest.xml:117:13-59
activity#com.lk.qf.pay.activity.HelpActivity
ADDED from HLB_Studio\HLBPay\AndroidManifest.xml:119:9-121:52
	android:screenOrientation
		ADDED from HLB_Studio\HLBPay\AndroidManifest.xml:121:13-49
	android:name
		ADDED from HLB_Studio\HLBPay\AndroidManifest.xml:120:13-63
activity#com.lk.qf.pay.activity.HelpDetailActivity
ADDED from HLB_Studio\HLBPay\AndroidManifest.xml:122:9-124:52
	android:screenOrientation
		ADDED from HLB_Studio\HLBPay\AndroidManifest.xml:124:13-49
	android:name
		ADDED from HLB_Studio\HLBPay\AndroidManifest.xml:123:13-69
activity#com.lk.qf.pay.activity.AboutActivity
ADDED from HLB_Studio\HLBPay\AndroidManifest.xml:125:9-127:52
	android:screenOrientation
		ADDED from HLB_Studio\HLBPay\AndroidManifest.xml:127:13-49
	android:name
		ADDED from HLB_Studio\HLBPay\AndroidManifest.xml:126:13-64
activity#com.lk.qf.pay.activity.ProtocolActivity
ADDED from HLB_Studio\HLBPay\AndroidManifest.xml:128:9-130:52
	android:screenOrientation
		ADDED from HLB_Studio\HLBPay\AndroidManifest.xml:130:13-49
	android:name
		ADDED from HLB_Studio\HLBPay\AndroidManifest.xml:129:13-67
activity#com.lk.qf.pay.activity.CashInActivity
ADDED from HLB_Studio\HLBPay\AndroidManifest.xml:131:9-133:52
	android:screenOrientation
		ADDED from HLB_Studio\HLBPay\AndroidManifest.xml:133:13-49
	android:name
		ADDED from HLB_Studio\HLBPay\AndroidManifest.xml:132:13-65
activity#com.lk.qf.pay.activity.MobileVerifyActivity
ADDED from HLB_Studio\HLBPay\AndroidManifest.xml:134:9-136:52
	android:screenOrientation
		ADDED from HLB_Studio\HLBPay\AndroidManifest.xml:136:13-49
	android:name
		ADDED from HLB_Studio\HLBPay\AndroidManifest.xml:135:13-71
activity#com.lk.qf.pay.activity.RegisterActivity
ADDED from HLB_Studio\HLBPay\AndroidManifest.xml:137:9-139:52
	android:screenOrientation
		ADDED from HLB_Studio\HLBPay\AndroidManifest.xml:139:13-49
	android:name
		ADDED from HLB_Studio\HLBPay\AndroidManifest.xml:138:13-67
activity#com.lk.qf.pay.activity.VersionInfoActivity
ADDED from HLB_Studio\HLBPay\AndroidManifest.xml:140:9-142:52
	android:screenOrientation
		ADDED from HLB_Studio\HLBPay\AndroidManifest.xml:142:13-49
	android:name
		ADDED from HLB_Studio\HLBPay\AndroidManifest.xml:141:13-70
activity#com.lk.qf.pay.activity.MainTabActivity
ADDED from HLB_Studio\HLBPay\AndroidManifest.xml:143:9-145:52
	android:screenOrientation
		ADDED from HLB_Studio\HLBPay\AndroidManifest.xml:145:13-49
	android:name
		ADDED from HLB_Studio\HLBPay\AndroidManifest.xml:144:13-66
activity#com.lk.qf.pay.activity.PwdManageActivity
ADDED from HLB_Studio\HLBPay\AndroidManifest.xml:146:9-148:52
	android:screenOrientation
		ADDED from HLB_Studio\HLBPay\AndroidManifest.xml:148:13-49
	android:name
		ADDED from HLB_Studio\HLBPay\AndroidManifest.xml:147:13-68
activity#com.lk.qf.pay.activity.AccountInfoActivity
ADDED from HLB_Studio\HLBPay\AndroidManifest.xml:149:9-152:20
	android:label
		ADDED from HLB_Studio\HLBPay\AndroidManifest.xml:151:13-64
	android:name
		ADDED from HLB_Studio\HLBPay\AndroidManifest.xml:150:13-70
activity#com.lk.qf.pay.activity.PwdReviseActivity
ADDED from HLB_Studio\HLBPay\AndroidManifest.xml:153:9-155:52
	android:screenOrientation
		ADDED from HLB_Studio\HLBPay\AndroidManifest.xml:155:13-49
	android:name
		ADDED from HLB_Studio\HLBPay\AndroidManifest.xml:154:13-68
activity#com.lk.qf.pay.activity.FindPwdActivity
ADDED from HLB_Studio\HLBPay\AndroidManifest.xml:156:9-158:52
	android:screenOrientation
		ADDED from HLB_Studio\HLBPay\AndroidManifest.xml:158:13-49
	android:name
		ADDED from HLB_Studio\HLBPay\AndroidManifest.xml:157:13-66
activity#com.lk.qf.pay.activity.swing.BluetoothBindActivity
ADDED from HLB_Studio\HLBPay\AndroidManifest.xml:159:9-161:52
	android:screenOrientation
		ADDED from HLB_Studio\HLBPay\AndroidManifest.xml:161:13-49
	android:name
		ADDED from HLB_Studio\HLBPay\AndroidManifest.xml:160:13-78
activity#com.lk.qf.pay.activity.swing.LDWriteSignActivity
ADDED from HLB_Studio\HLBPay\AndroidManifest.xml:162:9-164:52
	android:screenOrientation
		ADDED from HLB_Studio\HLBPay\AndroidManifest.xml:164:13-49
	android:name
		ADDED from HLB_Studio\HLBPay\AndroidManifest.xml:163:13-76
activity#com.lk.qf.pay.activity.NoticeActivity
ADDED from HLB_Studio\HLBPay\AndroidManifest.xml:165:9-168:20
	android:label
		ADDED from HLB_Studio\HLBPay\AndroidManifest.xml:167:13-58
	android:name
		ADDED from HLB_Studio\HLBPay\AndroidManifest.xml:166:13-65
activity#com.lk.qf.pay.activity.swing.SwingCardThroughAudioActivity
ADDED from HLB_Studio\HLBPay\AndroidManifest.xml:169:9-171:52
	android:screenOrientation
		ADDED from HLB_Studio\HLBPay\AndroidManifest.xml:171:13-49
	android:name
		ADDED from HLB_Studio\HLBPay\AndroidManifest.xml:170:13-86
activity#com.lk.qf.pay.activity.swing.SwingCardByAudioActivity
ADDED from HLB_Studio\HLBPay\AndroidManifest.xml:172:9-174:52
	android:screenOrientation
		ADDED from HLB_Studio\HLBPay\AndroidManifest.xml:174:13-49
	android:name
		ADDED from HLB_Studio\HLBPay\AndroidManifest.xml:173:13-81
activity#com.lk.qf.pay.activity.swing.SwingHXCardActivity
ADDED from HLB_Studio\HLBPay\AndroidManifest.xml:175:9-177:52
	android:screenOrientation
		ADDED from HLB_Studio\HLBPay\AndroidManifest.xml:177:13-49
	android:name
		ADDED from HLB_Studio\HLBPay\AndroidManifest.xml:176:13-76
activity#com.lk.qf.pay.jhl.PayByBuleCardActivity
ADDED from HLB_Studio\HLBPay\AndroidManifest.xml:178:9-180:52
	android:screenOrientation
		ADDED from HLB_Studio\HLBPay\AndroidManifest.xml:180:13-49
	android:name
		ADDED from HLB_Studio\HLBPay\AndroidManifest.xml:179:13-67
activity#com.lk.qf.pay.activity.UploadSignActivity
ADDED from HLB_Studio\HLBPay\AndroidManifest.xml:181:9-183:52
	android:screenOrientation
		ADDED from HLB_Studio\HLBPay\AndroidManifest.xml:183:13-49
	android:name
		ADDED from HLB_Studio\HLBPay\AndroidManifest.xml:182:13-69
activity#com.lk.qf.pay.activity.swing.BindAudioDeviceActivity
ADDED from HLB_Studio\HLBPay\AndroidManifest.xml:184:9-186:52
	android:screenOrientation
		ADDED from HLB_Studio\HLBPay\AndroidManifest.xml:186:13-49
	android:name
		ADDED from HLB_Studio\HLBPay\AndroidManifest.xml:185:13-80
activity#com.lk.qf.pay.activity.BankbranchActivity
ADDED from HLB_Studio\HLBPay\AndroidManifest.xml:187:9-189:52
	android:screenOrientation
		ADDED from HLB_Studio\HLBPay\AndroidManifest.xml:189:13-49
	android:name
		ADDED from HLB_Studio\HLBPay\AndroidManifest.xml:188:13-69
activity#com.lk.qf.pay.activity.AddBankCardActivity
ADDED from HLB_Studio\HLBPay\AndroidManifest.xml:190:9-192:52
	android:screenOrientation
		ADDED from HLB_Studio\HLBPay\AndroidManifest.xml:192:13-49
	android:name
		ADDED from HLB_Studio\HLBPay\AndroidManifest.xml:191:13-70
activity#com.lk.qf.pay.activity.TradeListActivity
ADDED from HLB_Studio\HLBPay\AndroidManifest.xml:193:9-196:20
	android:label
		ADDED from HLB_Studio\HLBPay\AndroidManifest.xml:195:13-62
	android:name
		ADDED from HLB_Studio\HLBPay\AndroidManifest.xml:194:13-68
activity#com.lk.qf.pay.activity.swing.PayByCardConfirmActivity
ADDED from HLB_Studio\HLBPay\AndroidManifest.xml:197:9-199:52
	android:screenOrientation
		ADDED from HLB_Studio\HLBPay\AndroidManifest.xml:199:13-49
	android:name
		ADDED from HLB_Studio\HLBPay\AndroidManifest.xml:198:13-81
activity#com.lk.qf.pay.activity.RealNameAuthenticationActivity
ADDED from HLB_Studio\HLBPay\AndroidManifest.xml:200:9-204:52
	android:screenOrientation
		ADDED from HLB_Studio\HLBPay\AndroidManifest.xml:204:13-49
	android:launchMode
		ADDED from HLB_Studio\HLBPay\AndroidManifest.xml:203:13-43
	android:configChanges
		ADDED from HLB_Studio\HLBPay\AndroidManifest.xml:202:13-133
	android:name
		ADDED from HLB_Studio\HLBPay\AndroidManifest.xml:201:13-81
activity#com.lk.qf.pay.activity.swing.SignaturePadActivity
ADDED from HLB_Studio\HLBPay\AndroidManifest.xml:205:9-208:53
	android:screenOrientation
		ADDED from HLB_Studio\HLBPay\AndroidManifest.xml:208:13-50
	android:launchMode
		ADDED from HLB_Studio\HLBPay\AndroidManifest.xml:207:13-44
	android:name
		ADDED from HLB_Studio\HLBPay\AndroidManifest.xml:206:13-77
activity#com.lk.qf.pay.activity.swing.CardBalanceActivity
ADDED from HLB_Studio\HLBPay\AndroidManifest.xml:209:9-211:52
	android:screenOrientation
		ADDED from HLB_Studio\HLBPay\AndroidManifest.xml:211:13-49
	android:name
		ADDED from HLB_Studio\HLBPay\AndroidManifest.xml:210:13-76
activity#com.lk.qf.pay.activity.swing.CardBalanceConfirmActivity
ADDED from HLB_Studio\HLBPay\AndroidManifest.xml:212:9-214:52
	android:screenOrientation
		ADDED from HLB_Studio\HLBPay\AndroidManifest.xml:214:13-49
	android:name
		ADDED from HLB_Studio\HLBPay\AndroidManifest.xml:213:13-83
activity#com.lk.qf.pay.activity.CashInConfirmActivity
ADDED from HLB_Studio\HLBPay\AndroidManifest.xml:215:9-217:52
	android:screenOrientation
		ADDED from HLB_Studio\HLBPay\AndroidManifest.xml:217:13-49
	android:name
		ADDED from HLB_Studio\HLBPay\AndroidManifest.xml:216:13-72
activity#com.lk.qf.pay.activity.SalesSlipActivity
ADDED from HLB_Studio\HLBPay\AndroidManifest.xml:218:9-77
	android:name
		ADDED from HLB_Studio\HLBPay\AndroidManifest.xml:218:19-74
activity#com.lk.qf.pay.activity.ShowMsgActivity
ADDED from HLB_Studio\HLBPay\AndroidManifest.xml:219:9-221:52
	android:screenOrientation
		ADDED from HLB_Studio\HLBPay\AndroidManifest.xml:221:13-49
	android:name
		ADDED from HLB_Studio\HLBPay\AndroidManifest.xml:220:13-66
activity#com.lk.qf.pay.activity.NoticeDetailActivity
ADDED from HLB_Studio\HLBPay\AndroidManifest.xml:222:9-224:52
	android:screenOrientation
		ADDED from HLB_Studio\HLBPay\AndroidManifest.xml:224:13-49
	android:name
		ADDED from HLB_Studio\HLBPay\AndroidManifest.xml:223:13-71
activity#com.lk.qf.pay.activity.EquListActivity
ADDED from HLB_Studio\HLBPay\AndroidManifest.xml:225:9-227:52
	android:screenOrientation
		ADDED from HLB_Studio\HLBPay\AndroidManifest.xml:227:13-49
	android:name
		ADDED from HLB_Studio\HLBPay\AndroidManifest.xml:226:13-66
activity#com.lk.qf.pay.activity.EquAddActivity
ADDED from HLB_Studio\HLBPay\AndroidManifest.xml:228:9-230:52
	android:screenOrientation
		ADDED from HLB_Studio\HLBPay\AndroidManifest.xml:230:13-49
	android:name
		ADDED from HLB_Studio\HLBPay\AndroidManifest.xml:229:13-65
activity#com.lk.qf.pay.activity.EquAddConfirmActivity
ADDED from HLB_Studio\HLBPay\AndroidManifest.xml:231:9-233:52
	android:screenOrientation
		ADDED from HLB_Studio\HLBPay\AndroidManifest.xml:233:13-49
	android:name
		ADDED from HLB_Studio\HLBPay\AndroidManifest.xml:232:13-72
activity#com.lk.qf.pay.zxb.ZXBDeviceListActivity
ADDED from HLB_Studio\HLBPay\AndroidManifest.xml:234:9-237:59
	android:screenOrientation
		ADDED from HLB_Studio\HLBPay\AndroidManifest.xml:236:13-49
	android:theme
		ADDED from HLB_Studio\HLBPay\AndroidManifest.xml:237:13-56
	android:name
		ADDED from HLB_Studio\HLBPay\AndroidManifest.xml:235:13-67
activity#com.lk.qf.pay.zxb.ZXBBTDeviceActivity
ADDED from HLB_Studio\HLBPay\AndroidManifest.xml:238:9-240:52
	android:screenOrientation
		ADDED from HLB_Studio\HLBPay\AndroidManifest.xml:240:13-49
	android:name
		ADDED from HLB_Studio\HLBPay\AndroidManifest.xml:239:13-65
activity#com.lk.qf.pay.aanewactivity.SetRateDaiLiActivity
ADDED from HLB_Studio\HLBPay\AndroidManifest.xml:241:9-243:52
	android:screenOrientation
		ADDED from HLB_Studio\HLBPay\AndroidManifest.xml:243:13-49
	android:name
		ADDED from HLB_Studio\HLBPay\AndroidManifest.xml:242:13-76
activity#com.lk.qf.pay.aanewactivity.AddBasicInformationActivity
ADDED from HLB_Studio\HLBPay\AndroidManifest.xml:244:9-246:52
	android:screenOrientation
		ADDED from HLB_Studio\HLBPay\AndroidManifest.xml:246:13-49
	android:name
		ADDED from HLB_Studio\HLBPay\AndroidManifest.xml:245:13-83
activity#com.lk.qf.pay.aanewactivity.PoPhotoActivity
ADDED from HLB_Studio\HLBPay\AndroidManifest.xml:247:9-250:52
	android:screenOrientation
		ADDED from HLB_Studio\HLBPay\AndroidManifest.xml:250:13-49
	android:configChanges
		ADDED from HLB_Studio\HLBPay\AndroidManifest.xml:249:13-84
	android:name
		ADDED from HLB_Studio\HLBPay\AndroidManifest.xml:248:13-71
activity#com.lk.qf.pay.aanewactivity.AddDaiLiMerchantActivity
ADDED from HLB_Studio\HLBPay\AndroidManifest.xml:251:9-253:52
	android:screenOrientation
		ADDED from HLB_Studio\HLBPay\AndroidManifest.xml:253:13-49
	android:name
		ADDED from HLB_Studio\HLBPay\AndroidManifest.xml:252:13-80
activity#com.lk.qf.pay.aanewactivity.JieSuanActivity
ADDED from HLB_Studio\HLBPay\AndroidManifest.xml:254:9-256:52
	android:screenOrientation
		ADDED from HLB_Studio\HLBPay\AndroidManifest.xml:256:13-49
	android:name
		ADDED from HLB_Studio\HLBPay\AndroidManifest.xml:255:13-71
activity#com.lk.qf.pay.aanewactivity.SetRateMerActivity
ADDED from HLB_Studio\HLBPay\AndroidManifest.xml:257:9-259:52
	android:screenOrientation
		ADDED from HLB_Studio\HLBPay\AndroidManifest.xml:259:13-49
	android:name
		ADDED from HLB_Studio\HLBPay\AndroidManifest.xml:258:13-74
activity#com.lk.qf.pay.aanewactivity.ShiMingChaXunActivity
ADDED from HLB_Studio\HLBPay\AndroidManifest.xml:260:9-262:52
	android:screenOrientation
		ADDED from HLB_Studio\HLBPay\AndroidManifest.xml:262:13-49
	android:name
		ADDED from HLB_Studio\HLBPay\AndroidManifest.xml:261:13-77
activity#com.lk.qf.pay.aanewactivity.KeFuActivity
ADDED from HLB_Studio\HLBPay\AndroidManifest.xml:263:9-265:52
	android:screenOrientation
		ADDED from HLB_Studio\HLBPay\AndroidManifest.xml:265:13-49
	android:name
		ADDED from HLB_Studio\HLBPay\AndroidManifest.xml:264:13-68
activity#com.lk.qf.pay.aanewactivity.TiXianListActivity
ADDED from HLB_Studio\HLBPay\AndroidManifest.xml:267:9-270:52
	android:screenOrientation
		ADDED from HLB_Studio\HLBPay\AndroidManifest.xml:270:13-49
	android:configChanges
		ADDED from HLB_Studio\HLBPay\AndroidManifest.xml:269:13-51
	android:name
		ADDED from HLB_Studio\HLBPay\AndroidManifest.xml:268:13-74
activity#com.lk.qf.pay.aanewactivity.FenRunActivity
ADDED from HLB_Studio\HLBPay\AndroidManifest.xml:271:9-273:52
	android:screenOrientation
		ADDED from HLB_Studio\HLBPay\AndroidManifest.xml:273:13-49
	android:name
		ADDED from HLB_Studio\HLBPay\AndroidManifest.xml:272:13-70
activity#com.lk.qf.pay.aanewactivity.SuperTransferAccountActivity
ADDED from HLB_Studio\HLBPay\AndroidManifest.xml:274:9-276:52
	android:screenOrientation
		ADDED from HLB_Studio\HLBPay\AndroidManifest.xml:276:13-49
	android:name
		ADDED from HLB_Studio\HLBPay\AndroidManifest.xml:275:13-84
activity#com.lk.qf.pay.aanewactivity.DiaodanActivity
ADDED from HLB_Studio\HLBPay\AndroidManifest.xml:277:9-279:52
	android:screenOrientation
		ADDED from HLB_Studio\HLBPay\AndroidManifest.xml:279:13-49
	android:name
		ADDED from HLB_Studio\HLBPay\AndroidManifest.xml:278:13-71
activity#com.lk.qf.pay.aanewactivity.LiCaiActivity
ADDED from HLB_Studio\HLBPay\AndroidManifest.xml:280:9-282:52
	android:screenOrientation
		ADDED from HLB_Studio\HLBPay\AndroidManifest.xml:282:13-49
	android:name
		ADDED from HLB_Studio\HLBPay\AndroidManifest.xml:281:13-69
activity#com.lk.qf.pay.aanewactivity.ShuhuiActivity
ADDED from HLB_Studio\HLBPay\AndroidManifest.xml:283:9-285:52
	android:screenOrientation
		ADDED from HLB_Studio\HLBPay\AndroidManifest.xml:285:13-49
	android:name
		ADDED from HLB_Studio\HLBPay\AndroidManifest.xml:284:13-70
activity#com.lk.qf.pay.aanewactivity.ConvenienceServiceActivity
ADDED from HLB_Studio\HLBPay\AndroidManifest.xml:286:9-288:52
	android:screenOrientation
		ADDED from HLB_Studio\HLBPay\AndroidManifest.xml:288:13-49
	android:name
		ADDED from HLB_Studio\HLBPay\AndroidManifest.xml:287:13-82
activity#com.lk.qf.pay.aanewactivity.DingDanListInfoActivity
ADDED from HLB_Studio\HLBPay\AndroidManifest.xml:289:9-292:52
	android:screenOrientation
		ADDED from HLB_Studio\HLBPay\AndroidManifest.xml:292:13-49
	android:configChanges
		ADDED from HLB_Studio\HLBPay\AndroidManifest.xml:291:13-51
	android:name
		ADDED from HLB_Studio\HLBPay\AndroidManifest.xml:290:13-79
activity#com.lk.qf.pay.aanewactivity.JiaoYiGuanLiActivity
ADDED from HLB_Studio\HLBPay\AndroidManifest.xml:293:9-295:52
	android:screenOrientation
		ADDED from HLB_Studio\HLBPay\AndroidManifest.xml:295:13-49
	android:name
		ADDED from HLB_Studio\HLBPay\AndroidManifest.xml:294:13-76
activity#com.lk.qf.pay.aanewactivity.TopUpActivity
ADDED from HLB_Studio\HLBPay\AndroidManifest.xml:296:9-298:52
	android:screenOrientation
		ADDED from HLB_Studio\HLBPay\AndroidManifest.xml:298:13-49
	android:name
		ADDED from HLB_Studio\HLBPay\AndroidManifest.xml:297:13-69
activity#com.lk.qf.pay.aanewactivity.LicaiListActivity
ADDED from HLB_Studio\HLBPay\AndroidManifest.xml:299:9-301:52
	android:screenOrientation
		ADDED from HLB_Studio\HLBPay\AndroidManifest.xml:301:13-49
	android:name
		ADDED from HLB_Studio\HLBPay\AndroidManifest.xml:300:13-73
activity#com.lk.qf.pay.aanewactivity.EarningsListActivity
ADDED from HLB_Studio\HLBPay\AndroidManifest.xml:302:9-304:52
	android:screenOrientation
		ADDED from HLB_Studio\HLBPay\AndroidManifest.xml:304:13-49
	android:name
		ADDED from HLB_Studio\HLBPay\AndroidManifest.xml:303:13-76
activity#com.lk.qf.pay.aanewactivity.GuideActivity
ADDED from HLB_Studio\HLBPay\AndroidManifest.xml:305:9-308:48
	android:screenOrientation
		ADDED from HLB_Studio\HLBPay\AndroidManifest.xml:307:13-49
	android:theme
		ADDED from HLB_Studio\HLBPay\AndroidManifest.xml:308:13-45
	android:name
		ADDED from HLB_Studio\HLBPay\AndroidManifest.xml:306:13-69
activity#com.lk.qf.pay.aanewactivity.XinYongkaActivity
ADDED from HLB_Studio\HLBPay\AndroidManifest.xml:309:9-311:52
	android:screenOrientation
		ADDED from HLB_Studio\HLBPay\AndroidManifest.xml:311:13-49
	android:name
		ADDED from HLB_Studio\HLBPay\AndroidManifest.xml:310:13-73
activity#com.lk.qf.pay.aanewactivity.AddBasicDailiActivity
ADDED from HLB_Studio\HLBPay\AndroidManifest.xml:312:9-314:52
	android:screenOrientation
		ADDED from HLB_Studio\HLBPay\AndroidManifest.xml:314:13-49
	android:name
		ADDED from HLB_Studio\HLBPay\AndroidManifest.xml:313:13-77
activity#com.lk.qf.pay.aanewactivity.UserInformationActivity
ADDED from HLB_Studio\HLBPay\AndroidManifest.xml:315:9-317:52
	android:screenOrientation
		ADDED from HLB_Studio\HLBPay\AndroidManifest.xml:317:13-49
	android:name
		ADDED from HLB_Studio\HLBPay\AndroidManifest.xml:316:13-79
activity#com.lk.qf.pay.aanewactivity.TixianActivity
ADDED from HLB_Studio\HLBPay\AndroidManifest.xml:318:9-320:52
	android:screenOrientation
		ADDED from HLB_Studio\HLBPay\AndroidManifest.xml:320:13-49
	android:name
		ADDED from HLB_Studio\HLBPay\AndroidManifest.xml:319:13-70
activity#com.lk.qf.pay.v50.FindBluetoothActivity
ADDED from HLB_Studio\HLBPay\AndroidManifest.xml:321:9-324:59
	android:screenOrientation
		ADDED from HLB_Studio\HLBPay\AndroidManifest.xml:323:13-49
	android:theme
		ADDED from HLB_Studio\HLBPay\AndroidManifest.xml:324:13-56
	android:name
		ADDED from HLB_Studio\HLBPay\AndroidManifest.xml:322:13-67
activity#com.lk.qf.pay.v50.PayByV50CardActivity
ADDED from HLB_Studio\HLBPay\AndroidManifest.xml:325:9-328:52
	android:screenOrientation
		ADDED from HLB_Studio\HLBPay\AndroidManifest.xml:328:13-49
	android:launchMode
		ADDED from HLB_Studio\HLBPay\AndroidManifest.xml:327:13-43
	android:name
		ADDED from HLB_Studio\HLBPay\AndroidManifest.xml:326:13-66
activity#com.lk.qf.pay.v50.MyV50MainActivity
ADDED from HLB_Studio\HLBPay\AndroidManifest.xml:329:9-331:52
	android:screenOrientation
		ADDED from HLB_Studio\HLBPay\AndroidManifest.xml:331:13-49
	android:name
		ADDED from HLB_Studio\HLBPay\AndroidManifest.xml:330:13-63
activity#com.lk.qf.pay.v50.V50CashInConfirmActivity
ADDED from HLB_Studio\HLBPay\AndroidManifest.xml:332:9-334:52
	android:screenOrientation
		ADDED from HLB_Studio\HLBPay\AndroidManifest.xml:334:13-49
	android:name
		ADDED from HLB_Studio\HLBPay\AndroidManifest.xml:333:13-70
activity#com.lk.qf.pay.aanewactivity.MyWebViewActivity
ADDED from HLB_Studio\HLBPay\AndroidManifest.xml:335:9-337:52
	android:screenOrientation
		ADDED from HLB_Studio\HLBPay\AndroidManifest.xml:337:13-49
	android:name
		ADDED from HLB_Studio\HLBPay\AndroidManifest.xml:336:13-73
activity#com.lk.qf.pay.aanewactivity.TixianSelectActivity
ADDED from HLB_Studio\HLBPay\AndroidManifest.xml:338:9-340:52
	android:screenOrientation
		ADDED from HLB_Studio\HLBPay\AndroidManifest.xml:340:13-49
	android:name
		ADDED from HLB_Studio\HLBPay\AndroidManifest.xml:339:13-76
activity#com.lk.qf.pay.aanewactivity.TixianNewActivity
ADDED from HLB_Studio\HLBPay\AndroidManifest.xml:341:9-343:52
	android:screenOrientation
		ADDED from HLB_Studio\HLBPay\AndroidManifest.xml:343:13-49
	android:name
		ADDED from HLB_Studio\HLBPay\AndroidManifest.xml:342:13-73
activity#com.lk.qf.pay.aanewactivity.JiaoYiGuanLiNewActivity
ADDED from HLB_Studio\HLBPay\AndroidManifest.xml:344:9-346:52
	android:screenOrientation
		ADDED from HLB_Studio\HLBPay\AndroidManifest.xml:346:13-49
	android:name
		ADDED from HLB_Studio\HLBPay\AndroidManifest.xml:345:13-79
activity#com.lk.qf.pay.aanewactivity.XinyongkaGuanliActivity
ADDED from HLB_Studio\HLBPay\AndroidManifest.xml:347:9-349:52
	android:screenOrientation
		ADDED from HLB_Studio\HLBPay\AndroidManifest.xml:349:13-49
	android:name
		ADDED from HLB_Studio\HLBPay\AndroidManifest.xml:348:13-79
activity#com.lk.qf.pay.aanewactivity.AddXinyongkaActivity
ADDED from HLB_Studio\HLBPay\AndroidManifest.xml:350:9-352:52
	android:screenOrientation
		ADDED from HLB_Studio\HLBPay\AndroidManifest.xml:352:13-49
	android:name
		ADDED from HLB_Studio\HLBPay\AndroidManifest.xml:351:13-76
activity#com.lk.qf.pay.aanewactivity.XinyongkaInfoActivity
ADDED from HLB_Studio\HLBPay\AndroidManifest.xml:353:9-355:52
	android:screenOrientation
		ADDED from HLB_Studio\HLBPay\AndroidManifest.xml:355:13-49
	android:name
		ADDED from HLB_Studio\HLBPay\AndroidManifest.xml:354:13-77
activity#com.lk.qf.pay.aanewactivity.NumberSelectorActivity
ADDED from HLB_Studio\HLBPay\AndroidManifest.xml:356:9-359:59
	android:screenOrientation
		ADDED from HLB_Studio\HLBPay\AndroidManifest.xml:358:13-49
	android:theme
		ADDED from HLB_Studio\HLBPay\AndroidManifest.xml:359:13-56
	android:name
		ADDED from HLB_Studio\HLBPay\AndroidManifest.xml:357:13-78
activity#com.lk.qf.pay.aanewactivity.XinyongkaHuanKuanActivity
ADDED from HLB_Studio\HLBPay\AndroidManifest.xml:360:9-362:52
	android:screenOrientation